This is pdfTeX, Version 3.14159265-2.6-1.40.17 (TeX Live 2016) (preloaded format=latex 2017.2.5)  5 FEB 2017 13:44
entering extended mode
 restricted \write18 enabled.
 %&-line parsing enabled.
**q
(/usr/local/texlive/2016/texmf-dist/tex/latex/tools/q.tex
LaTeX2e <2016/03/31>
Babel <3.9r> and hyphenation patterns for 83 language(s) loaded.
File ignored
)
! Emergency stop.
<*> q
     
*** (job aborted, no legal \end found)

 
Here is how much of TeX's memory you used:
 6 strings out of 493015
 254 string characters out of 6133378
 53598 words of memory out of 5000000
 3648 multiletter control sequences out of 15000+600000
 3640 words of font info for 14 fonts, out of 8000000 for 9000
 1141 hyphenation exceptions out of 8191
 5i,0n,1p,81b,8s stack positions out of 5000i,500n,10000p,200000b,80000s
No pages of output.
